### Meshing Layers ###

  Layer 0 - Coarse Grid 1
  Layer 1 - Coarse Grid 1
  Layer 1 - Coarse Grid 2
  Layer 0 - Coarse Grid 2
  Layer 0 - Fine Grid
  Layer 1 - Fine Grid
  Layer 0 - Expansion Layer
  Layer 1 - Expansion Layer

### Calculating Jacobian for Layers ###

### Generating Volume Mesh ###

### Partitioning Unstructured Mesh ###

  Graph bandwidth: 3122 (0.00926519%)

  Part 1: 84240 cells; cut at 84240 (84240)
  Part 2: 84240 cells; cut at 168480 (168480)
  Part 3: 84240 cells; cut at 252720 (252720)
  Part 4: 84240 cells

Nmeri:  109
Npitch: 61
Nspan:  53
jLE:    28
jTE:    84
SIZE:   336960
Time:   1.30742


### Applying Boundary Conditions ###

### Mapping Periodic Boundaries ###

### Mapping Ghost Cells ###

  Average Overlap: 15.628%

  8618 connections between parts 1 and 2
  9196 connections between parts 2 and 3
  8516 connections between parts 3 and 4


-------------------------------------------------------------------------------------------
|                                                                                         |
|                                     SOLVER  STARTED                                     |
|                                                                                         |
-------------------------------------------------------------------------------------------
| Allocating memory for run...                                                            |
| Computing wall distance...                                                              |
-------------------------------------------------------------------------------------------
| Iteration |   U Mom.   |   V Mom.   |   W Mom.   |  Pressure  |   Turb. 1  |   Turb. 2  |
-------------------------------------------------------------------------------------------
|         1 |  1.000e+00 |  1.000e+00 |  1.000e+00 |  1.000e+00 |  1.000e+00 |  1.000e+00 |
|         2 |  1.367e+00 |  2.720e+00 |  3.094e-01 |  2.973e-02 |  6.618e-01 |  1.054e+00 |
|         3 |  1.340e+00 |  1.480e+00 |  1.483e-01 |  2.328e-02 |  1.509e+00 |  1.004e+00 |
|         4 |  1.158e+00 |  1.406e+00 |  6.988e-02 |  1.756e-02 |  2.793e+00 |  9.608e-01 |
|         5 |  1.054e+00 |  1.310e+00 |  4.185e-02 |  1.421e-02 |  4.778e+00 |  9.328e-01 |
|         6 |  9.851e-01 |  1.209e+00 |  2.998e-02 |  1.466e-02 |  4.436e+00 |  9.209e-01 |
|         7 |  9.422e-01 |  1.203e+00 |  2.650e-02 |  2.072e-02 |  3.762e+00 |  9.170e-01 |
|         8 |  7.856e-01 |  1.022e+00 |  2.185e-02 |  1.686e-02 |  3.394e+00 |  9.143e-01 |
|         9 |  8.188e-01 |  1.016e+00 |  2.152e-02 |  1.649e-02 |  3.286e+00 |  9.084e-01 |
|        10 |  7.878e-01 |  1.063e+00 |  2.195e-02 |  1.557e-02 |  3.342e+00 |  8.938e-01 |
-------------------------------------------------------------------------------------------
| Iteration |   U Mom.   |   V Mom.   |   W Mom.   |  Pressure  |   Turb. 1  |   Turb. 2  |
-------------------------------------------------------------------------------------------
|        11 |  6.618e-01 |  8.893e-01 |  1.959e-02 |  1.357e-02 |  3.402e+00 |  8.638e-01 |
|        12 |  7.229e-01 |  9.197e-01 |  1.840e-02 |  1.455e-02 |  3.376e+00 |  8.231e-01 |
|        13 |  6.381e-01 |  9.021e-01 |  1.586e-02 |  1.060e-02 |  3.278e+00 |  7.699e-01 |
|        14 |  6.621e-01 |  8.468e-01 |  1.816e-02 |  1.415e-02 |  3.137e+00 |  7.006e-01 |
|        15 |  6.128e-01 |  8.460e-01 |  2.069e-02 |  1.511e-02 |  2.960e+00 |  6.369e-01 |
|        16 |  5.993e-01 |  7.917e-01 |  2.191e-02 |  1.918e-02 |  2.770e+00 |  5.794e-01 |
|        17 |  5.766e-01 |  7.801e-01 |  1.703e-02 |  1.861e-02 |  2.575e+00 |  5.275e-01 |
|        18 |  5.621e-01 |  7.662e-01 |  1.824e-02 |  2.144e-02 |  2.374e+00 |  4.806e-01 |
|        19 |  5.331e-01 |  7.367e-01 |  1.931e-02 |  2.412e-02 |  2.176e+00 |  4.383e-01 |
|        20 |  5.072e-01 |  7.159e-01 |  1.632e-02 |  1.919e-02 |  1.995e+00 |  4.000e-01 |
-------------------------------------------------------------------------------------------
| Iteration |   U Mom.   |   V Mom.   |   W Mom.   |  Pressure  |   Turb. 1  |   Turb. 2  |
-------------------------------------------------------------------------------------------
|        21 |  4.721e-01 |  7.019e-01 |  2.764e-02 |  1.374e-02 |  1.851e+00 |  3.654e-01 |
|        22 |  4.450e-01 |  6.473e-01 |  1.801e-02 |  1.234e-02 |  1.696e+00 |  3.342e-01 |
|        23 |  4.292e-01 |  6.286e-01 |  1.886e-02 |  1.160e-02 |  1.534e+00 |  3.059e-01 |
|        24 |  4.331e-01 |  6.180e-01 |  1.936e-02 |  1.542e-02 |  1.373e+00 |  2.803e-01 |
|        25 |  4.006e-01 |  6.017e-01 |  1.736e-02 |  1.455e-02 |  1.226e+00 |  2.571e-01 |
|        26 |  4.037e-01 |  5.812e-01 |  1.960e-02 |  1.911e-02 |  1.096e+00 |  2.361e-01 |
|        27 |  3.912e-01 |  5.592e-01 |  1.826e-02 |  1.811e-02 |  9.791e-01 |  2.170e-01 |
|        28 |  3.797e-01 |  5.443e-01 |  1.916e-02 |  2.161e-02 |  8.749e-01 |  1.996e-01 |
|        29 |  3.738e-01 |  5.307e-01 |  1.906e-02 |  2.438e-02 |  7.814e-01 |  1.839e-01 |
|        30 |  3.605e-01 |  5.179e-01 |  1.941e-02 |  2.554e-02 |  7.001e-01 |  1.696e-01 |
-------------------------------------------------------------------------------------------
| Iteration |   U Mom.   |   V Mom.   |   W Mom.   |  Pressure  |   Turb. 1  |   Turb. 2  |
-------------------------------------------------------------------------------------------
|        31 |  1.839e-01 |  2.683e-01 |  1.664e-02 |  2.276e-02 |  6.345e-01 |  1.565e-01 |
|        32 |  2.118e-01 |  2.920e-01 |  2.001e-02 |  1.476e-02 |  5.704e-01 |  1.431e-01 |
|        33 |  2.077e-01 |  2.886e-01 |  1.872e-02 |  1.148e-02 |  5.018e-01 |  1.297e-01 |
|        34 |  2.079e-01 |  2.890e-01 |  1.879e-02 |  1.274e-02 |  4.303e-01 |  1.165e-01 |
|        35 |  2.094e-01 |  2.906e-01 |  1.972e-02 |  1.433e-02 |  3.602e-01 |  1.039e-01 |
|        36 |  2.170e-01 |  2.941e-01 |  2.039e-02 |  1.591e-02 |  2.972e-01 |  9.201e-02 |
|        37 |  2.234e-01 |  2.957e-01 |  2.107e-02 |  1.583e-02 |  2.444e-01 |  8.096e-02 |
|        38 |  2.293e-01 |  2.995e-01 |  2.171e-02 |  1.280e-02 |  2.025e-01 |  7.082e-02 |
|        39 |  2.233e-01 |  2.952e-01 |  2.198e-02 |  1.398e-02 |  1.689e-01 |  6.164e-02 |
|        40 |  2.161e-01 |  2.871e-01 |  2.247e-02 |  1.667e-02 |  1.444e-01 |  5.340e-02 |
-------------------------------------------------------------------------------------------
| Iteration |   U Mom.   |   V Mom.   |   W Mom.   |  Pressure  |   Turb. 1  |   Turb. 2  |
-------------------------------------------------------------------------------------------
|        41 |  2.096e-01 |  2.785e-01 |  2.286e-02 |  1.919e-02 |  1.275e-01 |  4.604e-02 |
|        42 |  2.314e-01 |  2.856e-01 |  2.397e-02 |  1.461e-02 |  1.147e-01 |  3.946e-02 |
|        43 |  2.076e-01 |  2.711e-01 |  2.324e-02 |  1.476e-02 |  1.053e-01 |  3.369e-02 |
|        44 |  1.907e-01 |  2.543e-01 |  2.356e-02 |  1.904e-02 |  9.904e-02 |  2.862e-02 |
|        45 |  1.773e-01 |  2.383e-01 |  2.378e-02 |  2.093e-02 |  9.450e-02 |  2.414e-02 |
|        46 |  1.626e-01 |  2.242e-01 |  2.365e-02 |  2.388e-02 |  8.967e-02 |  2.016e-02 |
|        47 |  1.515e-01 |  2.109e-01 |  2.337e-02 |  2.472e-02 |  8.429e-02 |  1.666e-02 |
|        48 |  1.602e-01 |  2.091e-01 |  2.391e-02 |  2.363e-02 |  7.876e-02 |  1.361e-02 |
|        49 |  1.385e-01 |  1.965e-01 |  2.208e-02 |  2.334e-02 |  7.380e-02 |  1.113e-02 |
|        50 |  1.240e-01 |  1.821e-01 |  2.092e-02 |  2.421e-02 |  6.821e-02 |  9.071e-03 |
-------------------------------------------------------------------------------------------
| Iteration |   U Mom.   |   V Mom.   |   W Mom.   |  Pressure  |   Turb. 1  |   Turb. 2  |
-------------------------------------------------------------------------------------------
|        51 |  1.096e-01 |  1.688e-01 |  1.973e-02 |  2.252e-02 |  6.146e-02 |  7.301e-03 |
|        52 |  9.698e-02 |  1.585e-01 |  1.840e-02 |  2.294e-02 |  5.383e-02 |  5.813e-03 |
|        53 |  8.614e-02 |  1.495e-01 |  1.685e-02 |  2.252e-02 |  4.614e-02 |  4.643e-03 |
|        54 |  7.716e-02 |  1.389e-01 |  1.526e-02 |  2.340e-02 |  3.921e-02 |  3.796e-03 |
|        55 |  6.995e-02 |  1.298e-01 |  1.363e-02 |  2.190e-02 |  3.303e-02 |  3.294e-03 |
|        56 |  6.314e-02 |  1.193e-01 |  1.202e-02 |  2.022e-02 |  2.787e-02 |  3.158e-03 |
|        57 |  5.758e-02 |  1.101e-01 |  1.071e-02 |  1.884e-02 |  2.357e-02 |  3.135e-03 |
|        58 |  5.119e-02 |  1.009e-01 |  9.415e-03 |  1.904e-02 |  1.997e-02 |  3.169e-03 |
|        59 |  4.653e-02 |  9.306e-02 |  8.232e-03 |  1.769e-02 |  1.680e-02 |  3.113e-03 |
|        60 |  4.195e-02 |  8.530e-02 |  7.238e-03 |  1.668e-02 |  1.418e-02 |  2.911e-03 |
-------------------------------------------------------------------------------------------
| Iteration |   U Mom.   |   V Mom.   |   W Mom.   |  Pressure  |   Turb. 1  |   Turb. 2  |
-------------------------------------------------------------------------------------------
|        61 |  3.624e-02 |  7.728e-02 |  6.335e-03 |  1.689e-02 |  1.198e-02 |  2.563e-03 |
|        62 |  3.151e-02 |  6.907e-02 |  5.788e-03 |  1.592e-02 |  1.025e-02 |  2.208e-03 |
|        63 |  2.706e-02 |  6.155e-02 |  5.302e-03 |  1.513e-02 |  8.774e-03 |  2.067e-03 |
|        64 |  2.312e-02 |  5.442e-02 |  4.959e-03 |  1.382e-02 |  7.588e-03 |  1.463e-03 |
|        65 |  1.995e-02 |  4.805e-02 |  4.681e-03 |  1.329e-02 |  6.644e-03 |  1.059e-03 |
|        66 |  1.721e-02 |  4.219e-02 |  4.580e-03 |  1.219e-02 |  5.852e-03 |  8.873e-04 |
|        67 |  2.267e-02 |  4.294e-02 |  6.549e-03 |  1.485e-02 |  5.317e-03 |  7.432e-04 |
|        68 |  1.946e-02 |  3.500e-02 |  5.475e-03 |  9.654e-03 |  5.027e-03 |  6.984e-04 |
|        69 |  1.459e-02 |  2.838e-02 |  5.058e-03 |  9.144e-03 |  4.781e-03 |  8.002e-04 |
|        70 |  1.074e-02 |  2.490e-02 |  4.612e-03 |  9.680e-03 |  4.299e-03 |  9.422e-04 |
-------------------------------------------------------------------------------------------
| Iteration |   U Mom.   |   V Mom.   |   W Mom.   |  Pressure  |   Turb. 1  |   Turb. 2  |
-------------------------------------------------------------------------------------------
|        71 |  8.843e-03 |  2.308e-02 |  4.071e-03 |  8.554e-03 |  3.714e-03 |  7.556e-04 |
|        72 |  8.410e-03 |  2.127e-02 |  3.545e-03 |  7.750e-03 |  3.216e-03 |  5.892e-04 |
|        73 |  7.312e-03 |  1.923e-02 |  3.065e-03 |  7.347e-03 |  2.876e-03 |  5.711e-04 |
|        74 |  6.537e-03 |  1.740e-02 |  2.622e-03 |  6.268e-03 |  2.620e-03 |  6.379e-04 |
|        75 |  6.005e-03 |  1.566e-02 |  2.304e-03 |  5.504e-03 |  2.394e-03 |  8.303e-04 |
|        76 |  5.267e-03 |  1.388e-02 |  2.046e-03 |  5.380e-03 |  2.193e-03 |  1.342e-03 |
|        77 |  4.688e-03 |  1.232e-02 |  1.859e-03 |  5.458e-03 |  2.035e-03 |  1.675e-03 |
|        78 |  5.559e-03 |  1.170e-02 |  2.008e-03 |  5.903e-03 |  1.872e-03 |  1.798e-03 |
|        79 |  4.745e-03 |  1.027e-02 |  1.678e-03 |  4.813e-03 |  1.812e-03 |  1.987e-03 |
|        80 |  4.079e-03 |  9.250e-03 |  1.538e-03 |  4.083e-03 |  1.725e-03 |  1.790e-03 |
-------------------------------------------------------------------------------------------
| Iteration |   U Mom.   |   V Mom.   |   W Mom.   |  Pressure  |   Turb. 1  |   Turb. 2  |
-------------------------------------------------------------------------------------------
|        81 |  4.409e-03 |  9.088e-03 |  1.952e-03 |  3.553e-03 |  1.623e-03 |  1.444e-03 |
|        82 |  3.724e-03 |  8.289e-03 |  1.482e-03 |  3.075e-03 |  1.485e-03 |  1.830e-03 |
|        83 |  3.437e-03 |  7.230e-03 |  1.163e-03 |  2.729e-03 |  1.352e-03 |  2.722e-03 |
|        84 |  2.945e-03 |  6.439e-03 |  9.715e-04 |  2.743e-03 |  1.226e-03 |  2.471e-03 |
|        85 |  2.642e-03 |  6.139e-03 |  9.062e-04 |  2.402e-03 |  1.151e-03 |  1.944e-03 |
|        86 |  2.550e-03 |  5.807e-03 |  8.804e-04 |  2.098e-03 |  1.106e-03 |  1.780e-03 |
|        87 |  2.409e-03 |  5.427e-03 |  8.546e-04 |  2.041e-03 |  1.079e-03 |  1.717e-03 |
|        88 |  2.181e-03 |  5.039e-03 |  8.112e-04 |  1.808e-03 |  1.048e-03 |  2.315e-03 |
|        89 |  2.298e-03 |  4.886e-03 |  8.685e-04 |  1.477e-03 |  9.987e-04 |  2.340e-03 |
|        90 |  1.951e-03 |  4.430e-03 |  7.347e-04 |  1.270e-03 |  9.305e-04 |  1.627e-03 |
-------------------------------------------------------------------------------------------
| Iteration |   U Mom.   |   V Mom.   |   W Mom.   |  Pressure  |   Turb. 1  |   Turb. 2  |
-------------------------------------------------------------------------------------------
|        91 |  1.624e-03 |  3.846e-03 |  6.397e-04 |  1.411e-03 |  8.518e-04 |  1.442e-03 |
|        92 |  1.358e-03 |  3.340e-03 |  5.503e-04 |  1.415e-03 |  7.491e-04 |  1.092e-03 |
|        93 |  1.124e-03 |  3.034e-03 |  4.803e-04 |  1.243e-03 |  6.354e-04 |  1.360e-03 |
|        94 |  1.000e-03 |  2.785e-03 |  4.149e-04 |  1.235e-03 |  5.262e-04 |  1.339e-03 |
|        95 |  9.310e-04 |  2.588e-03 |  3.654e-04 |  1.198e-03 |  4.406e-04 |  1.152e-03 |
|        96 |  8.818e-04 |  2.428e-03 |  3.288e-04 |  1.065e-03 |  3.797e-04 |  1.489e-03 |
|        97 |  8.135e-04 |  2.232e-03 |  2.948e-04 |  1.139e-03 |  3.427e-04 |  1.427e-03 |
|        98 |  7.684e-04 |  2.041e-03 |  2.764e-04 |  1.155e-03 |  3.253e-04 |  1.122e-03 |
|        99 |  7.596e-04 |  1.850e-03 |  2.696e-04 |  1.123e-03 |  3.163e-04 |  1.289e-03 |
|       100 |  7.186e-04 |  1.660e-03 |  2.581e-04 |  1.153e-03 |  3.082e-04 |  1.556e-03 |
-------------------------------------------------------------------------------------------
| Iteration |   U Mom.   |   V Mom.   |   W Mom.   |  Pressure  |   Turb. 1  |   Turb. 2  |
-------------------------------------------------------------------------------------------
|       101 |  7.067e-04 |  1.516e-03 |  2.556e-04 |  1.149e-03 |  2.987e-04 |  1.492e-03 |
|       102 |  6.588e-04 |  1.375e-03 |  2.476e-04 |  1.136e-03 |  2.852e-04 |  9.134e-04 |
|       103 |  6.818e-04 |  1.326e-03 |  2.497e-04 |  1.057e-03 |  2.687e-04 |  9.307e-04 |
|       104 |  6.162e-04 |  1.250e-03 |  2.380e-04 |  9.421e-04 |  2.501e-04 |  9.355e-04 |
|       105 |  6.083e-04 |  1.225e-03 |  2.364e-04 |  9.737e-04 |  2.324e-04 |  7.407e-04 |
|       106 |  5.959e-04 |  1.176e-03 |  2.302e-04 |  8.417e-04 |  2.207e-04 |  8.968e-04 |
|       107 |  5.831e-04 |  1.119e-03 |  2.269e-04 |  8.536e-04 |  2.083e-04 |  1.259e-03 |
|       108 |  5.355e-04 |  1.051e-03 |  2.130e-04 |  8.362e-04 |  1.979e-04 |  1.041e-03 |
|       109 |  5.214e-04 |  1.019e-03 |  2.038e-04 |  8.450e-04 |  1.865e-04 |  8.131e-04 |
|       110 |  4.956e-04 |  9.843e-04 |  1.915e-04 |  8.828e-04 |  1.754e-04 |  1.417e-03 |
-------------------------------------------------------------------------------------------
| Iteration |   U Mom.   |   V Mom.   |   W Mom.   |  Pressure  |   Turb. 1  |   Turb. 2  |
-------------------------------------------------------------------------------------------
|       111 |  4.812e-04 |  9.410e-04 |  1.792e-04 |  8.808e-04 |  1.665e-04 |  9.058e-04 |
|       112 |  4.851e-04 |  8.990e-04 |  1.714e-04 |  8.400e-04 |  1.589e-04 |  9.139e-04 |
|       113 |  4.756e-04 |  8.480e-04 |  1.650e-04 |  7.789e-04 |  1.529e-04 |  9.968e-04 |
|       114 |  4.816e-04 |  8.055e-04 |  1.669e-04 |  7.728e-04 |  1.484e-04 |  8.952e-04 |
|       115 |  5.078e-04 |  8.163e-04 |  1.733e-04 |  7.322e-04 |  1.454e-04 |  6.588e-04 |
|       116 |  4.711e-04 |  8.004e-04 |  1.713e-04 |  7.194e-04 |  1.385e-04 |  6.915e-04 |
|       117 |  4.332e-04 |  7.696e-04 |  1.660e-04 |  7.279e-04 |  1.349e-04 |  7.115e-04 |
|       118 |  4.179e-04 |  7.202e-04 |  1.586e-04 |  6.924e-04 |  1.317e-04 |  4.600e-04 |
|       119 |  3.779e-04 |  6.398e-04 |  1.438e-04 |  7.135e-04 |  1.247e-04 |  5.990e-04 |
|       120 |  3.664e-04 |  5.983e-04 |  1.360e-04 |  6.457e-04 |  1.181e-04 |  6.488e-04 |
-------------------------------------------------------------------------------------------
| Iteration |   U Mom.   |   V Mom.   |   W Mom.   |  Pressure  |   Turb. 1  |   Turb. 2  |
-------------------------------------------------------------------------------------------
|       121 |  3.606e-04 |  5.876e-04 |  1.318e-04 |  6.210e-04 |  1.088e-04 |  6.563e-04 |
|       122 |  3.649e-04 |  6.091e-04 |  1.329e-04 |  5.812e-04 |  1.011e-04 |  7.388e-04 |
|       123 |  3.325e-04 |  5.963e-04 |  1.268e-04 |  5.552e-04 |  9.487e-05 |  5.379e-04 |
|       124 |  3.199e-04 |  5.691e-04 |  1.205e-04 |  5.699e-04 |  9.426e-05 |  8.515e-04 |
|       125 |  3.012e-04 |  5.093e-04 |  1.067e-04 |  4.386e-04 |  9.590e-05 |  8.084e-04 |
|       126 |  3.122e-04 |  4.910e-04 |  1.072e-04 |  4.131e-04 |  8.852e-05 |  8.381e-04 |
|       127 |  2.629e-04 |  4.364e-04 |  9.794e-05 |  3.697e-04 |  8.085e-05 |  6.637e-04 |
|       128 |  2.561e-04 |  4.265e-04 |  9.660e-05 |  3.661e-04 |  7.529e-05 |  7.979e-04 |
|       129 |  2.434e-04 |  4.141e-04 |  9.366e-05 |  3.739e-04 |  7.182e-05 |  6.587e-04 |
|       130 |  2.240e-04 |  3.872e-04 |  8.817e-05 |  3.771e-04 |  6.909e-05 |  4.694e-04 |
-------------------------------------------------------------------------------------------
| Iteration |   U Mom.   |   V Mom.   |   W Mom.   |  Pressure  |   Turb. 1  |   Turb. 2  |
-------------------------------------------------------------------------------------------
|       131 |  2.099e-04 |  3.540e-04 |  8.167e-05 |  3.707e-04 |  6.612e-05 |  6.146e-04 |
|       132 |  1.993e-04 |  3.240e-04 |  7.612e-05 |  3.656e-04 |  6.277e-05 |  5.339e-04 |
|       133 |  1.952e-04 |  3.130e-04 |  7.373e-05 |  3.323e-04 |  5.970e-05 |  5.592e-04 |
|       134 |  2.005e-04 |  3.243e-04 |  7.379e-05 |  3.016e-04 |  5.613e-05 |  4.540e-04 |
|       135 |  1.809e-04 |  3.210e-04 |  7.237e-05 |  3.003e-04 |  5.094e-05 |  3.733e-04 |
|       136 |  1.704e-04 |  3.007e-04 |  6.875e-05 |  3.010e-04 |  5.185e-05 |  6.847e-04 |
|       137 |  1.646e-04 |  2.783e-04 |  6.408e-05 |  2.983e-04 |  5.242e-05 |  5.358e-04 |
|       138 |  1.571e-04 |  2.532e-04 |  6.056e-05 |  3.017e-04 |  5.157e-05 |  8.926e-04 |
|       139 |  1.592e-04 |  2.448e-04 |  5.990e-05 |  2.586e-04 |  5.004e-05 |  8.231e-04 |
|       140 |  1.616e-04 |  2.503e-04 |  6.038e-05 |  2.526e-04 |  4.580e-05 |  9.919e-04 |
-------------------------------------------------------------------------------------------
| Iteration |   U Mom.   |   V Mom.   |   W Mom.   |  Pressure  |   Turb. 1  |   Turb. 2  |
-------------------------------------------------------------------------------------------
|       141 |  1.441e-04 |  2.422e-04 |  5.786e-05 |  2.460e-04 |  4.196e-05 |  8.505e-04 |
|       142 |  1.339e-04 |  2.282e-04 |  5.447e-05 |  2.470e-04 |  4.137e-05 |  8.930e-04 |
|       143 |  1.327e-04 |  2.154e-04 |  5.197e-05 |  2.312e-04 |  4.054e-05 |  5.481e-04 |
|       144 |  1.220e-04 |  1.948e-04 |  4.808e-05 |  2.247e-04 |  3.881e-05 |  4.014e-04 |
|       145 |  1.185e-04 |  1.883e-04 |  4.656e-05 |  2.096e-04 |  3.707e-05 |  5.394e-04 |
|       146 |  1.192e-04 |  1.944e-04 |  4.672e-05 |  2.060e-04 |  3.420e-05 |  6.556e-04 |
|       147 |  1.087e-04 |  1.892e-04 |  4.468e-05 |  2.095e-04 |  3.200e-05 |  5.583e-04 |
|       148 |  1.031e-04 |  1.790e-04 |  4.210e-05 |  2.075e-04 |  3.174e-05 |  5.458e-04 |
|       149 |  1.029e-04 |  1.678e-04 |  4.019e-05 |  1.973e-04 |  3.170e-05 |  3.801e-04 |
|       150 |  1.032e-04 |  1.590e-04 |  3.961e-05 |  1.887e-04 |  3.096e-05 |  5.238e-04 |
-------------------------------------------------------------------------------------------
| Iteration |   U Mom.   |   V Mom.   |   W Mom.   |  Pressure  |   Turb. 1  |   Turb. 2  |
-------------------------------------------------------------------------------------------
|       151 |  1.024e-04 |  1.582e-04 |  3.958e-05 |  1.775e-04 |  2.999e-05 |  5.963e-04 |
|       152 |  1.006e-04 |  1.624e-04 |  3.956e-05 |  1.761e-04 |  2.860e-05 |  7.056e-04 |
|       153 |  9.246e-05 |  1.584e-04 |  3.769e-05 |  1.759e-04 |  2.763e-05 |  5.634e-04 |
|       154 |  8.927e-05 |  1.499e-04 |  3.568e-05 |  1.627e-04 |  2.698e-05 |  5.065e-04 |
|       155 |  8.313e-05 |  1.346e-04 |  3.290e-05 |  1.568e-04 |  2.582e-05 |  4.931e-04 |
|       156 |  7.887e-05 |  1.239e-04 |  3.123e-05 |  1.564e-04 |  2.495e-05 |  5.319e-04 |
|       157 |  7.641e-05 |  1.223e-04 |  3.048e-05 |  1.509e-04 |  2.366e-05 |  4.357e-04 |
|       158 |  7.564e-05 |  1.255e-04 |  3.030e-05 |  1.481e-04 |  2.190e-05 |  3.907e-04 |
|       159 |  7.196e-05 |  1.231e-04 |  2.932e-05 |  1.473e-04 |  2.075e-05 |  4.852e-04 |
|       160 |  6.978e-05 |  1.158e-04 |  2.796e-05 |  1.455e-04 |  2.077e-05 |  3.651e-04 |
-------------------------------------------------------------------------------------------
| Iteration |   U Mom.   |   V Mom.   |   W Mom.   |  Pressure  |   Turb. 1  |   Turb. 2  |
-------------------------------------------------------------------------------------------
|       161 |  6.952e-05 |  1.087e-04 |  2.703e-05 |  1.376e-04 |  2.094e-05 |  3.118e-04 |
|       162 |  7.142e-05 |  1.079e-04 |  2.731e-05 |  1.293e-04 |  2.041e-05 |  4.519e-04 |
|       163 |  6.656e-05 |  1.066e-04 |  2.677e-05 |  1.346e-04 |  1.947e-05 |  4.670e-04 |
|       164 |  6.272e-05 |  1.062e-04 |  2.606e-05 |  1.328e-04 |  1.895e-05 |  4.416e-04 |
|       165 |  6.000e-05 |  1.026e-04 |  2.472e-05 |  1.297e-04 |  1.850e-05 |  3.503e-04 |
|       166 |  5.730e-05 |  9.502e-05 |  2.303e-05 |  1.276e-04 |  1.800e-05 |  3.007e-04 |
|       167 |  5.663e-05 |  8.916e-05 |  2.212e-05 |  1.186e-04 |  1.737e-05 |  2.916e-04 |
|       168 |  5.581e-05 |  8.779e-05 |  2.174e-05 |  1.143e-04 |  1.637e-05 |  3.068e-04 |
|       169 |  5.494e-05 |  9.028e-05 |  2.180e-05 |  1.187e-04 |  1.526e-05 |  5.150e-04 |
|       170 |  5.050e-05 |  8.747e-05 |  2.080e-05 |  1.114e-04 |  1.470e-05 |  3.750e-04 |
-------------------------------------------------------------------------------------------
| Iteration |   U Mom.   |   V Mom.   |   W Mom.   |  Pressure  |   Turb. 1  |   Turb. 2  |
-------------------------------------------------------------------------------------------
|       171 |  4.703e-05 |  8.071e-05 |  1.931e-05 |  1.083e-04 |  1.458e-05 |  4.148e-04 |
|       172 |  4.687e-05 |  7.542e-05 |  1.850e-05 |  1.115e-04 |  1.430e-05 |  4.655e-04 |
|       173 |  4.448e-05 |  6.952e-05 |  1.763e-05 |  9.980e-05 |  1.351e-05 |  4.085e-04 |
|       174 |  4.263e-05 |  6.783e-05 |  1.734e-05 |  1.044e-04 |  1.285e-05 |  3.735e-04 |
|       175 |  4.447e-05 |  7.135e-05 |  1.761e-05 |  1.040e-04 |  1.233e-05 |  3.306e-04 |
|       176 |  4.082e-05 |  6.918e-05 |  1.690e-05 |  1.038e-04 |  1.139e-05 |  3.072e-04 |
|       177 |  3.836e-05 |  6.330e-05 |  1.589e-05 |  9.776e-05 |  1.136e-05 |  2.901e-04 |
|       178 |  3.761e-05 |  5.852e-05 |  1.517e-05 |  9.582e-05 |  1.129e-05 |  2.878e-04 |
|       179 |  3.648e-05 |  5.585e-05 |  1.486e-05 |  9.681e-05 |  1.109e-05 |  2.953e-04 |
|       180 |  3.617e-05 |  5.693e-05 |  1.492e-05 |  9.559e-05 |  1.069e-05 |  5.031e-04 |
-------------------------------------------------------------------------------------------
| Iteration |   U Mom.   |   V Mom.   |   W Mom.   |  Pressure  |   Turb. 1  |   Turb. 2  |
-------------------------------------------------------------------------------------------
|       181 |  3.486e-05 |  5.727e-05 |  1.468e-05 |  9.770e-05 |  1.004e-05 |  3.646e-04 |
|       182 |  3.328e-05 |  5.545e-05 |  1.406e-05 |  9.480e-05 |  9.770e-06 |  3.204e-04 |
|       183 |  3.295e-05 |  5.295e-05 |  1.363e-05 |  9.441e-05 |  9.742e-06 |  4.558e-04 |
|       184 |  3.353e-05 |  5.127e-05 |  1.346e-05 |  9.228e-05 |  9.663e-06 |  3.414e-04 |
|       185 |  3.180e-05 |  5.006e-05 |  1.321e-05 |  9.153e-05 |  9.318e-06 |  3.159e-04 |
|       186 |  3.061e-05 |  5.101e-05 |  1.303e-05 |  9.399e-05 |  8.951e-06 |  3.067e-04 |
|       187 |  2.955e-05 |  5.051e-05 |  1.268e-05 |  8.896e-05 |  8.469e-06 |  2.969e-04 |
|       188 |  2.713e-05 |  4.616e-05 |  1.186e-05 |  9.034e-05 |  8.298e-06 |  2.891e-04 |
|       189 |  2.690e-05 |  4.296e-05 |  1.146e-05 |  8.951e-05 |  8.198e-06 |  2.867e-04 |
|       190 |  2.591e-05 |  4.020e-05 |  1.099e-05 |  8.267e-05 |  7.952e-06 |  3.341e-04 |
-------------------------------------------------------------------------------------------
| Iteration |   U Mom.   |   V Mom.   |   W Mom.   |  Pressure  |   Turb. 1  |   Turb. 2  |
-------------------------------------------------------------------------------------------
|       191 |  2.551e-05 |  4.043e-05 |  1.101e-05 |  8.449e-05 |  7.549e-06 |  4.293e-04 |
|       192 |  2.628e-05 |  4.249e-05 |  1.116e-05 |  8.117e-05 |  7.253e-06 |  3.370e-04 |
|       193 |  2.506e-05 |  4.201e-05 |  1.100e-05 |  8.285e-05 |  6.979e-06 |  3.086e-04 |
|       194 |  2.420e-05 |  3.948e-05 |  1.069e-05 |  8.295e-05 |  7.145e-06 |  4.676e-04 |
|       195 |  2.385e-05 |  3.699e-05 |  1.034e-05 |  7.995e-05 |  7.241e-06 |  3.414e-04 |
|       196 |  2.348e-05 |  3.580e-05 |  1.014e-05 |  7.794e-05 |  7.167e-06 |  3.076e-04 |
|       197 |  2.398e-05 |  3.737e-05 |  1.043e-05 |  8.362e-05 |  6.890e-06 |  2.979e-04 |
|       198 |  2.226e-05 |  3.723e-05 |  1.018e-05 |  8.721e-05 |  6.458e-06 |  2.942e-04 |
|       199 |  2.133e-05 |  3.572e-05 |  9.831e-06 |  8.575e-05 |  6.273e-06 |  2.885e-04 |
|       200 |  2.082e-05 |  3.321e-05 |  9.314e-06 |  7.956e-05 |  6.051e-06 |  2.865e-04 |
-------------------------------------------------------------------------------------------
|                                                                                         |
|                                     SOLVER FINISHED                                     |
|                                                                                         |
-------------------------------------------------------------------------------------------


Flow solver time: 2.853e+02
Flow solver state saved

