-------------------------------------------------------------------------------------------
|                                                                                         |
|                                ADJOINT  SOLVER  STARTED                                 |
|                                                                                         |
-------------------------------------------------------------------------------------------
|                                                                                         |
| Building cell based connectivity...                                                     |
|                                                                                         |
| Computing objective function jacobians...                                               |
| Objectives depend on 6240  cells and 6466  vertices                                     |
| 6240  faces were fliped                                                                 |
| Objective values:                                                                       |
|  Mass flow in:  -8.042e+00                                                              |
|  Mass flow out: 8.113e+00                                                               |
|  Blockage:      9.818e-01                                                               |
|  Thrust:        -1.616e+02                                                              |
|  Torque:        5.438e+00                                                               |
|  Delta P tt:    9.104e+04                                                               |
|  Delta P ts:    6.276e+04                                                               |
|  Delta P ss:    9.878e+04                                                               |
|  Efficiency tt: 8.620e-01                                                               |
|  Efficiency ts: 5.926e-01                                                               |
|  Efficiency ss: 9.327e-01                                                               |
|                                                                                         |
|                           FLOW  JACOBIAN  MATRIX  CALCULATION                           |
| Residuals from Flow Solver                                                              |
|  RMS: 8.954e-04    MAX: 1.286e-01    @ cell: 91069        @ eq: 3                       |
| Residuals from Adjoint Solver                                                           |
|  RMS: 1.620e-03    MAX: 3.507e-01    @ cell: 124828       @ eq: 3                       |
| Difference                                                                              |
|  RMS: 1.806e-03    MAX: 3.546e-01    @ cell: 62829        @ eq: 3                       |
|                                                                                         |
|                                ADJOINT  SYSTEM  SOLUTION                                |
|-----------------------------------------------------------------------------------------|
| Iteration | Res. (MAX) | Res. (AVG) | Adj. UVW (AVG) | Adj. P (AVG) | Linear Solver I/R |
|-----------------------------------------------------------------------------------------|
|         0 |  1.000e+00 |  1.000e+00 |      3.822e-03 |    9.254e+01 |  301 / 3.113e-01  |
|         1 |  6.977e-01 |  6.977e-01 |      4.962e-03 |    1.657e+02 |  148 / 8.024e-03  |
|         2 |  5.861e-01 |  5.861e-01 |      4.867e-03 |    1.883e+02 |   78 / 9.805e-03  |
|         3 |  5.723e-01 |  5.723e-01 |      5.811e-03 |    2.179e+02 |  114 / 9.549e-03  |
|         4 |  5.974e-01 |  5.974e-01 |      6.560e-03 |    2.528e+02 |  132 / 5.515e-03  |
|         5 |  5.321e-01 |  5.321e-01 |      6.432e-03 |    2.636e+02 |   65 / 9.325e-03  |
|         6 |  4.827e-01 |  4.827e-01 |      6.610e-03 |    2.676e+02 |   46 / 9.627e-03  |
|         7 |  4.278e-01 |  4.278e-01 |      6.768e-03 |    2.725e+02 |   47 / 9.291e-03  |
|         8 |  4.096e-01 |  4.096e-01 |      6.908e-03 |    2.778e+02 |   50 / 7.948e-03  |
|         9 |  3.990e-01 |  3.990e-01 |      7.056e-03 |    2.821e+02 |   48 / 7.777e-03  |
|        10 |  3.476e-01 |  3.476e-01 |      7.162e-03 |    2.852e+02 |   36 / 8.253e-03  |
|        11 |  3.038e-01 |  3.038e-01 |      7.264e-03 |    2.875e+02 |   29 / 9.394e-03  |
|        12 |  2.681e-01 |  2.681e-01 |      7.407e-03 |    2.906e+02 |   47 / 6.194e-03  |
|        13 |  2.453e-01 |  2.453e-01 |      7.525e-03 |    2.935e+02 |   49 / 8.291e-03  |
|        14 |  2.268e-01 |  2.268e-01 |      7.608e-03 |    2.954e+02 |   34 / 9.430e-03  |
|        15 |  2.022e-01 |  2.022e-01 |      7.695e-03 |    2.970e+02 |   38 / 7.184e-03  |
|        16 |  1.783e-01 |  1.783e-01 |      7.779e-03 |    2.985e+02 |   40 / 9.185e-03  |
|        17 |  1.624e-01 |  1.624e-01 |      7.854e-03 |    2.997e+02 |   38 / 9.650e-03  |
|        18 |  1.492e-01 |  1.492e-01 |      7.920e-03 |    3.008e+02 |   40 / 8.966e-03  |
|        19 |  1.392e-01 |  1.392e-01 |      7.991e-03 |    3.019e+02 |   44 / 7.981e-03  |
|        20 |  1.268e-01 |  1.268e-01 |      8.040e-03 |    3.027e+02 |   34 / 9.779e-03  |
|        21 |  1.161e-01 |  1.161e-01 |      8.088e-03 |    3.033e+02 |   34 / 8.723e-03  |
|        22 |  1.067e-01 |  1.067e-01 |      8.131e-03 |    3.038e+02 |   33 / 9.182e-03  |
|        23 |  9.902e-02 |  9.902e-02 |      8.168e-03 |    3.042e+02 |   33 / 9.878e-03  |
|        24 |  9.078e-02 |  9.078e-02 |      8.199e-03 |    3.045e+02 |   34 / 8.654e-03  |
|        25 |  8.353e-02 |  8.353e-02 |      8.229e-03 |    3.048e+02 |   31 / 8.406e-03  |
|        26 |  7.635e-02 |  7.635e-02 |      8.253e-03 |    3.050e+02 |   28 / 9.828e-03  |
|        27 |  7.061e-02 |  7.061e-02 |      8.277e-03 |    3.052e+02 |   36 / 8.841e-03  |
|        28 |  6.487e-02 |  6.487e-02 |      8.296e-03 |    3.053e+02 |   29 / 9.616e-03  |
|        29 |  6.035e-02 |  6.035e-02 |      8.316e-03 |    3.055e+02 |   42 / 8.236e-03  |
|        30 |  5.532e-02 |  5.532e-02 |      8.331e-03 |    3.056e+02 |   32 / 8.459e-03  |
|        31 |  5.078e-02 |  5.078e-02 |      8.343e-03 |    3.056e+02 |   36 / 9.450e-03  |
|        32 |  4.636e-02 |  4.636e-02 |      8.352e-03 |    3.056e+02 |   42 / 8.729e-03  |
|        33 |  4.264e-02 |  4.264e-02 |      8.362e-03 |    3.056e+02 |   40 / 8.547e-03  |
|        34 |  3.864e-02 |  3.864e-02 |      8.367e-03 |    3.056e+02 |   27 / 9.992e-03  |
|        35 |  3.524e-02 |  3.524e-02 |      8.372e-03 |    3.056e+02 |   27 / 9.452e-03  |
|        36 |  3.200e-02 |  3.200e-02 |      8.375e-03 |    3.055e+02 |   28 / 9.374e-03  |
|        37 |  2.948e-02 |  2.948e-02 |      8.378e-03 |    3.054e+02 |   29 / 7.371e-03  |
|        38 |  2.705e-02 |  2.705e-02 |      8.379e-03 |    3.054e+02 |   25 / 9.794e-03  |
|        39 |  2.504e-02 |  2.504e-02 |      8.382e-03 |    3.053e+02 |   25 / 9.173e-03  |
|        40 |  2.307e-02 |  2.307e-02 |      8.381e-03 |    3.053e+02 |   27 / 9.207e-03  |
|        41 |  2.140e-02 |  2.140e-02 |      8.382e-03 |    3.052e+02 |   28 / 9.425e-03  |
|        42 |  1.989e-02 |  1.989e-02 |      8.380e-03 |    3.052e+02 |   28 / 9.914e-03  |
|        43 |  1.858e-02 |  1.858e-02 |      8.379e-03 |    3.051e+02 |   38 / 9.544e-03  |
|        44 |  1.738e-02 |  1.738e-02 |      8.376e-03 |    3.050e+02 |   35 / 7.239e-03  |
|        45 |  1.618e-02 |  1.618e-02 |      8.374e-03 |    3.050e+02 |   40 / 7.663e-03  |
|        46 |  1.519e-02 |  1.519e-02 |      8.370e-03 |    3.049e+02 |   45 / 5.127e-03  |
|        47 |  1.422e-02 |  1.422e-02 |      8.368e-03 |    3.049e+02 |   37 / 9.784e-03  |
|        48 |  1.357e-02 |  1.357e-02 |      8.365e-03 |    3.049e+02 |   40 / 9.524e-03  |
|        49 |  1.274e-02 |  1.274e-02 |      8.364e-03 |    3.048e+02 |   34 / 9.663e-03  |
|        50 |  1.210e-02 |  1.210e-02 |      8.361e-03 |    3.048e+02 |   37 / 9.465e-03  |
|        51 |  1.132e-02 |  1.132e-02 |      8.360e-03 |    3.048e+02 |   36 / 7.331e-03  |
|        52 |  1.080e-02 |  1.080e-02 |      8.358e-03 |    3.048e+02 |   32 / 7.798e-03  |
|        53 |  1.014e-02 |  1.014e-02 |      8.358e-03 |    3.048e+02 |   33 / 7.622e-03  |
|        54 |  9.598e-03 |  9.598e-03 |      8.356e-03 |    3.048e+02 |   28 / 8.836e-03  |
|        55 |  9.014e-03 |  9.014e-03 |      8.356e-03 |    3.049e+02 |   28 / 7.958e-03  |
|        56 |  8.498e-03 |  8.498e-03 |      8.355e-03 |    3.049e+02 |   28 / 7.619e-03  |
|        57 |  8.017e-03 |  8.017e-03 |      8.355e-03 |    3.049e+02 |   29 / 6.656e-03  |
|        58 |  7.607e-03 |  7.607e-03 |      8.354e-03 |    3.049e+02 |   29 / 5.611e-03  |
|        59 |  7.220e-03 |  7.220e-03 |      8.355e-03 |    3.049e+02 |   36 / 5.441e-03  |
|        60 |  6.822e-03 |  6.822e-03 |      8.355e-03 |    3.050e+02 |   31 / 5.979e-03  |
|        61 |  6.478e-03 |  6.478e-03 |      8.355e-03 |    3.050e+02 |   30 / 5.384e-03  |
|        62 |  6.150e-03 |  6.150e-03 |      8.355e-03 |    3.050e+02 |   29 / 6.469e-03  |
|        63 |  5.911e-03 |  5.911e-03 |      8.356e-03 |    3.050e+02 |   35 / 6.120e-03  |
|        64 |  5.619e-03 |  5.619e-03 |      8.356e-03 |    3.050e+02 |   30 / 5.476e-03  |
|        65 |  5.390e-03 |  5.390e-03 |      8.357e-03 |    3.050e+02 |   30 / 4.619e-03  |
|        66 |  5.113e-03 |  5.113e-03 |      8.357e-03 |    3.051e+02 |   30 / 5.064e-03  |
|        67 |  4.929e-03 |  4.929e-03 |      8.358e-03 |    3.051e+02 |   30 / 4.811e-03  |
|        68 |  4.738e-03 |  4.738e-03 |      8.359e-03 |    3.051e+02 |   64 / 4.623e-03  |
|        69 |  4.557e-03 |  4.557e-03 |      8.360e-03 |    3.051e+02 |   47 / 4.421e-03  |
|        70 |  4.352e-03 |  4.352e-03 |      8.360e-03 |    3.052e+02 |   61 / 3.415e-03  |
|        71 |  4.227e-03 |  4.227e-03 |      8.361e-03 |    3.052e+02 |   52 / 2.968e-03  |
|        72 |  4.030e-03 |  4.030e-03 |      8.361e-03 |    3.052e+02 |   64 / 3.269e-03  |
|        73 |  3.925e-03 |  3.925e-03 |      8.362e-03 |    3.052e+02 |   34 / 3.536e-03  |
|        74 |  3.731e-03 |  3.731e-03 |      8.362e-03 |    3.052e+02 |   63 / 1.686e-03  |
|        75 |  3.628e-03 |  3.628e-03 |      8.362e-03 |    3.052e+02 |   37 / 3.728e-03  |
|        76 |  3.468e-03 |  3.468e-03 |      8.362e-03 |    3.052e+02 |   63 / 1.111e-03  |
|        77 |  3.370e-03 |  3.370e-03 |      8.363e-03 |    3.052e+02 |   55 / 1.802e-03  |
|        78 |  3.234e-03 |  3.234e-03 |      8.363e-03 |    3.052e+02 |   58 / 2.589e-03  |
|        79 |  3.142e-03 |  3.142e-03 |      8.363e-03 |    3.052e+02 |   52 / 2.962e-03  |
|        80 |  3.018e-03 |  3.018e-03 |      8.363e-03 |    3.052e+02 |   61 / 1.953e-03  |
|        81 |  2.929e-03 |  2.929e-03 |      8.363e-03 |    3.052e+02 |   55 / 1.630e-03  |
|        82 |  2.820e-03 |  2.820e-03 |      8.363e-03 |    3.052e+02 |   60 / 2.074e-03  |
|        83 |  2.734e-03 |  2.734e-03 |      8.363e-03 |    3.052e+02 |   54 / 1.830e-03  |
|        84 |  2.640e-03 |  2.640e-03 |      8.363e-03 |    3.052e+02 |   61 / 2.375e-03  |
|        85 |  2.555e-03 |  2.555e-03 |      8.363e-03 |    3.052e+02 |   51 / 2.218e-03  |
|        86 |  2.475e-03 |  2.475e-03 |      8.363e-03 |    3.052e+02 |   57 / 2.161e-03  |
|        87 |  2.393e-03 |  2.393e-03 |      8.363e-03 |    3.052e+02 |   54 / 1.953e-03  |
|        88 |  2.321e-03 |  2.321e-03 |      8.363e-03 |    3.052e+02 |   59 / 1.529e-03  |
|        89 |  2.245e-03 |  2.245e-03 |      8.364e-03 |    3.052e+02 |   54 / 2.139e-03  |
|        90 |  2.178e-03 |  2.178e-03 |      8.363e-03 |    3.052e+02 |   58 / 2.061e-03  |
|        91 |  2.107e-03 |  2.107e-03 |      8.364e-03 |    3.052e+02 |   62 / 2.107e-03  |
|        92 |  2.045e-03 |  2.045e-03 |      8.363e-03 |    3.052e+02 |   57 / 1.705e-03  |
|        93 |  1.982e-03 |  1.982e-03 |      8.364e-03 |    3.052e+02 |   61 / 1.521e-03  |
|        94 |  1.924e-03 |  1.924e-03 |      8.363e-03 |    3.052e+02 |   57 / 1.945e-03  |
|        95 |  1.864e-03 |  1.864e-03 |      8.364e-03 |    3.052e+02 |   62 / 1.044e-03  |
|        96 |  1.812e-03 |  1.812e-03 |      8.363e-03 |    3.052e+02 |   58 / 1.711e-03  |
|        97 |  1.756e-03 |  1.756e-03 |      8.364e-03 |    3.052e+02 |   61 / 1.334e-03  |
|        98 |  1.707e-03 |  1.707e-03 |      8.363e-03 |    3.052e+02 |   58 / 1.542e-03  |
|        99 |  1.656e-03 |  1.656e-03 |      8.364e-03 |    3.052e+02 |   62 / 1.092e-03  |
|       100 |  1.610e-03 |  1.610e-03 |      8.364e-03 |    3.052e+02 |   62 / 1.200e-03  |
|       101 |  1.562e-03 |  1.562e-03 |      8.364e-03 |    3.052e+02 |   62 / 1.190e-03  |
|       102 |  1.519e-03 |  1.519e-03 |      8.364e-03 |    3.052e+02 |   61 / 1.264e-03  |
|       103 |  1.474e-03 |  1.474e-03 |      8.364e-03 |    3.052e+02 |   62 / 1.080e-03  |
|       104 |  1.434e-03 |  1.434e-03 |      8.364e-03 |    3.052e+02 |   61 / 1.432e-03  |
|       105 |  1.392e-03 |  1.392e-03 |      8.364e-03 |    3.052e+02 |   62 / 1.215e-03  |
|       106 |  1.355e-03 |  1.355e-03 |      8.364e-03 |    3.052e+02 |   62 / 1.217e-03  |
|       107 |  1.316e-03 |  1.316e-03 |      8.364e-03 |    3.052e+02 |   61 / 1.224e-03  |
|       108 |  1.281e-03 |  1.281e-03 |      8.364e-03 |    3.052e+02 |   65 / 1.263e-03  |
|       109 |  1.244e-03 |  1.244e-03 |      8.364e-03 |    3.052e+02 |   62 / 1.159e-03  |
|       110 |  1.211e-03 |  1.211e-03 |      8.364e-03 |    3.052e+02 |   64 / 1.236e-03  |
|       111 |  1.177e-03 |  1.177e-03 |      8.364e-03 |    3.052e+02 |   62 / 1.140e-03  |
|       112 |  1.146e-03 |  1.146e-03 |      8.364e-03 |    3.052e+02 |   72 / 1.045e-03  |
|       113 |  1.113e-03 |  1.113e-03 |      8.364e-03 |    3.052e+02 |   65 / 1.114e-03  |
|       114 |  1.084e-03 |  1.084e-03 |      8.364e-03 |    3.052e+02 |   73 / 1.021e-03  |
|       115 |  1.054e-03 |  1.054e-03 |      8.364e-03 |    3.052e+02 |   68 / 1.024e-03  |
|       116 |  1.026e-03 |  1.026e-03 |      8.364e-03 |    3.052e+02 |   75 / 9.337e-04  |
|       117 |  9.978e-04 |  9.978e-04 |      8.364e-03 |    3.052e+02 |   74 / 9.836e-04  |
|-----------------------------------------------------------------------------------------|
|                                                                                         |
| Building cell based connectivity...                                                     |
|                                                                                         |
|                         GEOMETRY  JACOBIAN  MATRIX  CALCULATION                         |
|  0% |                                 Progress                                  | 100%  |
|     |---------------------------------------------------------------------------|       |
|                                                                                         |
| Timer Information [s]                                                                   |
|  Objective function : 0.97                                                              |
|  Flow jacobian ops. : 22.02                                                             |
|  Linear solver ops. : 345.48                                                            |
|  Geometry jacobian  : 69.33                                                             |
|                                                                                         |
-------------------------------------------------------------------------------------------
|                                                                                         |
|                                ADJOINT  SOLVER  FINISHED                                |
|                                                                                         |
-------------------------------------------------------------------------------------------


Adjoint solver time: 437.90
Adjoint solver state saved

### Computing Volume Mesh Jacobians ###

